  PTBac2.cpp
C:\Users\ADMINISTRATOR#0001\source\repos\PTBac2\PTBac2.cpp(9,29): warning C4566: character represented by universal-character-name '\u01B0' cannot be represented in the current code page (1252)
C:\Users\ADMINISTRATOR#0001\source\repos\PTBac2\PTBac2.cpp(9,29): warning C4566: character represented by universal-character-name '\u01A1' cannot be represented in the current code page (1252)
C:\Users\ADMINISTRATOR#0001\source\repos\PTBac2\PTBac2.cpp(9,29): warning C4566: character represented by universal-character-name '\u1ED1' cannot be represented in the current code page (1252)
C:\Users\ADMINISTRATOR#0001\source\repos\PTBac2\PTBac2.cpp(9,29): warning C4566: character represented by universal-character-name '\u1EC7' cannot be represented in the current code page (1252)
C:\Users\ADMINISTRATOR#0001\source\repos\PTBac2\PTBac2.cpp(10,22): warning C4566: character represented by universal-character-name '\u01B0' cannot be represented in the current code page (1252)
C:\Users\ADMINISTRATOR#0001\source\repos\PTBac2\PTBac2.cpp(10,22): warning C4566: character represented by universal-character-name '\u01A1' cannot be represented in the current code page (1252)
C:\Users\ADMINISTRATOR#0001\source\repos\PTBac2\PTBac2.cpp(10,22): warning C4566: character represented by universal-character-name '\u1EC7' cannot be represented in the current code page (1252)
C:\Users\ADMINISTRATOR#0001\source\repos\PTBac2\PTBac2.cpp(12,18): warning C4566: character represented by universal-character-name '\u01B0' cannot be represented in the current code page (1252)
C:\Users\ADMINISTRATOR#0001\source\repos\PTBac2\PTBac2.cpp(12,18): warning C4566: character represented by universal-character-name '\u01A1' cannot be represented in the current code page (1252)
C:\Users\ADMINISTRATOR#0001\source\repos\PTBac2\PTBac2.cpp(12,18): warning C4566: character represented by universal-character-name '\u1EC7' cannot be represented in the current code page (1252)
C:\Users\ADMINISTRATOR#0001\source\repos\PTBac2\PTBac2.cpp(12,18): warning C4566: character represented by universal-character-name '\u1EA5' cannot be represented in the current code page (1252)
C:\Users\ADMINISTRATOR#0001\source\repos\PTBac2\PTBac2.cpp(20,32): warning C4566: character represented by universal-character-name '\u01B0' cannot be represented in the current code page (1252)
C:\Users\ADMINISTRATOR#0001\source\repos\PTBac2\PTBac2.cpp(20,32): warning C4566: character represented by universal-character-name '\u01A1' cannot be represented in the current code page (1252)
C:\Users\ADMINISTRATOR#0001\source\repos\PTBac2\PTBac2.cpp(20,32): warning C4566: character represented by universal-character-name '\u1EC7' cannot be represented in the current code page (1252)
C:\Users\ADMINISTRATOR#0001\source\repos\PTBac2\PTBac2.cpp(21,38): warning C4566: character represented by universal-character-name '\u01B0' cannot be represented in the current code page (1252)
C:\Users\ADMINISTRATOR#0001\source\repos\PTBac2\PTBac2.cpp(21,38): warning C4566: character represented by universal-character-name '\u01A1' cannot be represented in the current code page (1252)
C:\Users\ADMINISTRATOR#0001\source\repos\PTBac2\PTBac2.cpp(21,38): warning C4566: character represented by universal-character-name '\u1EC7' cannot be represented in the current code page (1252)
C:\Users\ADMINISTRATOR#0001\source\repos\PTBac2\PTBac2.cpp(22,22): warning C4566: character represented by universal-character-name '\u01B0' cannot be represented in the current code page (1252)
C:\Users\ADMINISTRATOR#0001\source\repos\PTBac2\PTBac2.cpp(22,22): warning C4566: character represented by universal-character-name '\u01A1' cannot be represented in the current code page (1252)
C:\Users\ADMINISTRATOR#0001\source\repos\PTBac2\PTBac2.cpp(22,22): warning C4566: character represented by universal-character-name '\u1EC7' cannot be represented in the current code page (1252)
  PTBac2.vcxproj -> C:\Users\ADMINISTRATOR#0001\source\repos\PTBac2\Debug\PTBac2.exe
